<?xml version="1.0" encoding="UTF-8"?>
<testsuite xmlns:xsi="http://www.w3.org/2001/XMLSchema-instance" xsi:noNamespaceSchemaLocation="https://maven.apache.org/surefire/maven-surefire-plugin/xsd/surefire-test-report-3.0.xsd" version="3.0" name="com.spartified.telecomApi.TelecomApiApplicationTests" time="5.315" tests="1" errors="0" skipped="0" failures="0">
  <properties>
[...]
</properties>
  <testcase name="contextLoads" classname="com.spartified.telecomApi.TelecomApiApplicationTests" time="0.745">
    <system-out><![CDATA[20:45:12.006 [main] INFO org.springframework.test.context.support.AnnotationConfigContextLoaderUtils -- Could not detect default configuration classes for test class [com.spartified.telecomApi.TelecomApiApplicationTests]: TelecomApiApplicationTests does not declare any static, non-private, non-final, nested classes annotated with @Configuration.
20:45:12.111 [main] INFO org.springframework.boot.test.context.SpringBootTestContextBootstrapper -- Found @SpringBootConfiguration com.spartified.telecomApi.TelecomApplication for test class com.spartified.telecomApi.TelecomApiApplicationTests

  .   ____          _            __ _ _
 /\\ / ___'_ __ _ _(_)_ __  __ _ \ \ \ \
( ( )\___ | '_ | '_| | '_ \/ _` | \ \ \ \
 \\/  ___)| |_)| | | | | || (_| |  ) ) ) )
  '  |____| .__|_| |_|_| |_\__, | / / / /
 =========|_|==============|___/=/_/_/_/

 :: Spring Boot ::               (v3.3.12)

2025-06-09T20:45:12.547+05:30  INFO 25232 --- [Telecom API] [           main] c.s.t.TelecomApiApplicationTests         : Starting TelecomApiApplicationTests using Java 21.0.6 with PID 25232 (started by bhara in E:\telecomApi\telecomApi)
2025-06-09T20:45:12.549+05:30  INFO 25232 --- [Telecom API] [           main] c.s.t.TelecomApiApplicationTests         : No active profile set, falling back to 1 default profile: "default"
2025-06-09T20:45:13.470+05:30  INFO 25232 --- [Telecom API] [           main] .s.d.r.c.RepositoryConfigurationDelegate : Bootstrapping Spring Data MongoDB repositories in DEFAULT mode.
2025-06-09T20:45:13.577+05:30  INFO 25232 --- [Telecom API] [           main] .s.d.r.c.RepositoryConfigurationDelegate : Finished Spring Data repository scanning in 101 ms. Found 1 MongoDB repository interface.
2025-06-09T20:45:14.130+05:30  INFO 25232 --- [Telecom API] [sag.mongodb.net] org.mongodb.driver.cluster               : Adding discovered server ac-txasj4t-shard-00-01.tq41sag.mongodb.net:27017 to client view of cluster
2025-06-09T20:45:14.153+05:30  INFO 25232 --- [Telecom API] [           main] org.mongodb.driver.client                : MongoClient with metadata {"application": {"name": "TelecomAPIMongoDBCluster"}, "driver": {"name": "mongo-java-driver|sync|spring-boot", "version": "5.0.1"}, "os": {"type": "Windows", "name": "Windows 11", "architecture": "amd64", "version": "10.0"}, "platform": "Java/Oracle Corporation/21.0.6+8-LTS-188"} created with settings MongoClientSettings{readPreference=primary, writeConcern=WriteConcern{w=majority, wTimeout=null ms, journal=null}, retryWrites=true, retryReads=true, readConcern=ReadConcern{level=null}, credential=MongoCredential{mechanism=null, userName='bharataggarwal0906', source='admin', password=<hidden>, mechanismProperties=<hidden>}, transportSettings=null, commandListeners=[], codecRegistry=ProvidersCodecRegistry{codecProviders=[ValueCodecProvider{}, BsonValueCodecProvider{}, DBRefCodecProvider{}, DBObjectCodecProvider{}, DocumentCodecProvider{}, CollectionCodecProvider{}, IterableCodecProvider{}, MapCodecProvider{}, GeoJsonCodecProvider{}, GridFSFileCodecProvider{}, Jsr310CodecProvider{}, JsonObjectCodecProvider{}, BsonCodecProvider{}, EnumCodecProvider{}, com.mongodb.client.model.mql.ExpressionCodecProvider@6f25bf88, com.mongodb.Jep395RecordCodecProvider@42ea7565, com.mongodb.KotlinCodecProvider@7b5cc918]}, loggerSettings=LoggerSettings{maxDocumentLength=1000}, clusterSettings={hosts=[127.0.0.1:27017], srvHost=telecomapimongodbcluste.tq41sag.mongodb.net, srvServiceName=mongodb, mode=MULTIPLE, requiredClusterType=REPLICA_SET, requiredReplicaSetName='atlas-3kne4z-shard-0', serverSelector='null', clusterListeners='[]', serverSelectionTimeout='30000 ms', localThreshold='15 ms'}, socketSettings=SocketSettings{connectTimeoutMS=10000, readTimeoutMS=0, receiveBufferSize=0, proxySettings=ProxySettings{host=null, port=null, username=null, password=null}}, heartbeatSocketSettings=SocketSettings{connectTimeoutMS=10000, readTimeoutMS=10000, receiveBufferSize=0, proxySettings=ProxySettings{host=null, port=null, username=null, password=null}}, connectionPoolSettings=ConnectionPoolSettings{maxSize=100, minSize=0, maxWaitTimeMS=120000, maxConnectionLifeTimeMS=0, maxConnectionIdleTimeMS=0, maintenanceInitialDelayMS=0, maintenanceFrequencyMS=60000, connectionPoolListeners=[], maxConnecting=2}, serverSettings=ServerSettings{heartbeatFrequencyMS=10000, minHeartbeatFrequencyMS=500, serverListeners='[]', serverMonitorListeners='[]'}, sslSettings=SslSettings{enabled=true, invalidHostNameAllowed=false, context=null}, applicationName='TelecomAPIMongoDBCluster', compressorList=[], uuidRepresentation=JAVA_LEGACY, serverApi=null, autoEncryptionSettings=null, dnsClient=null, inetAddressResolver=null, contextProvider=null}
2025-06-09T20:45:14.165+05:30  INFO 25232 --- [Telecom API] [sag.mongodb.net] org.mongodb.driver.cluster               : Adding discovered server ac-txasj4t-shard-00-02.tq41sag.mongodb.net:27017 to client view of cluster
2025-06-09T20:45:14.168+05:30  INFO 25232 --- [Telecom API] [sag.mongodb.net] org.mongodb.driver.cluster               : Adding discovered server ac-txasj4t-shard-00-00.tq41sag.mongodb.net:27017 to client view of cluster
2025-06-09T20:45:14.647+05:30  INFO 25232 --- [Telecom API] [           main] org.mongodb.driver.cluster               : Waiting for server to become available for operation with ID 7. Remaining time: 30000 ms. Selector: WritableServerSelector, topology description: {type=REPLICA_SET, servers=[{address=ac-txasj4t-shard-00-01.tq41sag.mongodb.net:27017, type=UNKNOWN, state=CONNECTING}, {address=ac-txasj4t-shard-00-02.tq41sag.mongodb.net:27017, type=UNKNOWN, state=CONNECTING}, {address=ac-txasj4t-shard-00-00.tq41sag.mongodb.net:27017, type=UNKNOWN, state=CONNECTING}].
2025-06-09T20:45:14.897+05:30  INFO 25232 --- [Telecom API] [ngodb.net:27017] org.mongodb.driver.cluster               : Monitor thread successfully connected to server with description ServerDescription{address=ac-txasj4t-shard-00-01.tq41sag.mongodb.net:27017, type=REPLICA_SET_SECONDARY, state=CONNECTED, ok=true, minWireVersion=0, maxWireVersion=25, maxDocumentSize=16777216, logicalSessionTimeoutMinutes=30, roundTripTimeNanos=323690700, setName='atlas-3kne4z-shard-0', canonicalAddress=ac-txasj4t-shard-00-01.tq41sag.mongodb.net:27017, hosts=[ac-txasj4t-shard-00-00.tq41sag.mongodb.net:27017, ac-txasj4t-shard-00-01.tq41sag.mongodb.net:27017, ac-txasj4t-shard-00-02.tq41sag.mongodb.net:27017], passives=[], arbiters=[], primary='ac-txasj4t-shard-00-02.tq41sag.mongodb.net:27017', tagSet=TagSet{[Tag{name='availabilityZone', value='aps1-az3'}, Tag{name='diskState', value='READY'}, Tag{name='nodeType', value='ELECTABLE'}, Tag{name='provider', value='AWS'}, Tag{name='region', value='AP_SOUTH_1'}, Tag{name='workloadType', value='OPERATIONAL'}]}, electionId=null, setVersion=19, topologyVersion=TopologyVersion{processId=6842877ae975fa62e206e102, counter=5}, lastWriteDate=Mon Jun 09 20:45:14 IST 2025, lastUpdateTimeNanos=90361422097800}
2025-06-09T20:45:14.897+05:30  INFO 25232 --- [Telecom API] [ngodb.net:27017] org.mongodb.driver.cluster               : Monitor thread successfully connected to server with description ServerDescription{address=ac-txasj4t-shard-00-00.tq41sag.mongodb.net:27017, type=REPLICA_SET_SECONDARY, state=CONNECTED, ok=true, minWireVersion=0, maxWireVersion=25, maxDocumentSize=16777216, logicalSessionTimeoutMinutes=30, roundTripTimeNanos=323828100, setName='atlas-3kne4z-shard-0', canonicalAddress=ac-txasj4t-shard-00-00.tq41sag.mongodb.net:27017, hosts=[ac-txasj4t-shard-00-00.tq41sag.mongodb.net:27017, ac-txasj4t-shard-00-01.tq41sag.mongodb.net:27017, ac-txasj4t-shard-00-02.tq41sag.mongodb.net:27017], passives=[], arbiters=[], primary='ac-txasj4t-shard-00-02.tq41sag.mongodb.net:27017', tagSet=TagSet{[Tag{name='availabilityZone', value='aps1-az1'}, Tag{name='diskState', value='READY'}, Tag{name='nodeType', value='ELECTABLE'}, Tag{name='provider', value='AWS'}, Tag{name='region', value='AP_SOUTH_1'}, Tag{name='workloadType', value='OPERATIONAL'}]}, electionId=null, setVersion=19, topologyVersion=TopologyVersion{processId=684286252352f4609058f37f, counter=5}, lastWriteDate=Mon Jun 09 20:45:14 IST 2025, lastUpdateTimeNanos=90361422228300}
2025-06-09T20:45:14.898+05:30  INFO 25232 --- [Telecom API] [ngodb.net:27017] org.mongodb.driver.cluster               : Monitor thread successfully connected to server with description ServerDescription{address=ac-txasj4t-shard-00-02.tq41sag.mongodb.net:27017, type=REPLICA_SET_PRIMARY, state=CONNECTED, ok=true, minWireVersion=0, maxWireVersion=25, maxDocumentSize=16777216, logicalSessionTimeoutMinutes=30, roundTripTimeNanos=323694800, setName='atlas-3kne4z-shard-0', canonicalAddress=ac-txasj4t-shard-00-02.tq41sag.mongodb.net:27017, hosts=[ac-txasj4t-shard-00-00.tq41sag.mongodb.net:27017, ac-txasj4t-shard-00-01.tq41sag.mongodb.net:27017, ac-txasj4t-shard-00-02.tq41sag.mongodb.net:27017], passives=[], arbiters=[], primary='ac-txasj4t-shard-00-02.tq41sag.mongodb.net:27017', tagSet=TagSet{[Tag{name='availabilityZone', value='aps1-az2'}, Tag{name='diskState', value='READY'}, Tag{name='nodeType', value='ELECTABLE'}, Tag{name='provider', value='AWS'}, Tag{name='region', value='AP_SOUTH_1'}, Tag{name='workloadType', value='OPERATIONAL'}]}, electionId=7fffffff00000000000000e7, setVersion=19, topologyVersion=TopologyVersion{processId=68428511f5aac0d2ab12d5ae, counter=9}, lastWriteDate=Mon Jun 09 20:45:14 IST 2025, lastUpdateTimeNanos=90361422097900}
2025-06-09T20:45:14.901+05:30  INFO 25232 --- [Telecom API] [ngodb.net:27017] org.mongodb.driver.cluster               : Discovered replica set primary ac-txasj4t-shard-00-02.tq41sag.mongodb.net:27017 with max election id 7fffffff00000000000000e7 and max set version 19
2025-06-09T20:45:16.401+05:30  INFO 25232 --- [Telecom API] [           main] c.s.t.TelecomApiApplicationTests         : Started TelecomApiApplicationTests in 4.149 seconds (process running for 5.073)
]]></system-out>
    <system-err><![CDATA[WARNING: A Java agent has been loaded dynamically (C:\Users\bhara\.m2\repository\net\bytebuddy\byte-buddy-agent\1.14.19\byte-buddy-agent-1.14.19.jar)
WARNING: If a serviceability tool is in use, please run with -XX:+EnableDynamicAgentLoading to hide this warning
WARNING: If a serviceability tool is not in use, please run with -Djdk.instrument.traceUsage for more information
WARNING: Dynamic loading of agents will be disallowed by default in a future release
]]></system-err>
  </testcase>
</testsuite>